<?xml version="1.0" encoding="UTF-8"?>
<!-- Generated by org.testng.reporters.JUnitReportReporter -->
<testsuite hostname="HPDA0017" name="com.qait.automation.tatocAutomation.homePage" tests="1" failures="0" timestamp="22 Jun 2018 13:00:42 GMT" time="0.017" errors="0">
  <testcase name="newtest" time="0.017" classname="com.qait.automation.tatocAutomation.homePage"/>
</testsuite> <!-- com.qait.automation.tatocAutomation.homePage -->
